[debug] [2025-06-13T14:35:49.092Z] ----------------------------------------------------------------------
[debug] [2025-06-13T14:35:49.146Z] Command:       C:\Program Files\nodejs\node.exe C:\Users\FernandoNeto\AppData\Roaming\npm\node_modules\firebase-tools\lib\bin\firebase.js init functions
[debug] [2025-06-13T14:35:49.155Z] CLI Version:   14.7.0
[debug] [2025-06-13T14:35:49.156Z] Platform:      win32
[debug] [2025-06-13T14:35:49.160Z] Node Version:  v22.16.0
[debug] [2025-06-13T14:35:49.184Z] Time:          Fri Jun 13 2025 11:35:49 GMT-0300 (Horário Padrão de Brasília)
[debug] [2025-06-13T14:35:49.190Z] ----------------------------------------------------------------------
[debug] 
[debug] [2025-06-13T14:35:49.253Z] >>> [apiv2][query] GET https://firebase-public.firebaseio.com/cli.json [none]
[debug] [2025-06-13T14:35:50.191Z] > command requires scopes: ["email","openid","https://www.googleapis.com/auth/cloudplatformprojects.readonly","https://www.googleapis.com/auth/firebase","https://www.googleapis.com/auth/cloud-platform"]
[debug] [2025-06-13T14:35:50.194Z] > authorizing via signed-in user (fbn1986@gmail.com)
[info] 
     ######## #### ########  ######## ########     ###     ######  ########
     ##        ##  ##     ## ##       ##     ##  ##   ##  ##       ##
     ######    ##  ########  ######   ########  #########  ######  ######
     ##        ##  ##    ##  ##       ##     ## ##     ##       ## ##
     ##       #### ##     ## ######## ########  ##     ##  ######  ########

You're about to initialize a Firebase project in this directory:

  C:\Users\FernandoNeto\OneDrive - Liesa\Área de Trabalho\PROJETO RELATÓRIO\contratos

[debug] [2025-06-13T14:35:51.010Z] <<< [apiv2][status] GET https://firebase-public.firebaseio.com/cli.json 200
[debug] [2025-06-13T14:35:51.012Z] <<< [apiv2][body] GET https://firebase-public.firebaseio.com/cli.json {"cloudBuildErrorAfter":1594252800000,"cloudBuildWarnAfter":1590019200000,"defaultNode10After":1594252800000,"minVersion":"3.0.5","node8DeploysDisabledAfter":1613390400000,"node8RuntimeDisabledAfter":1615809600000,"node8WarnAfter":1600128000000}
[info] 
=== Project Setup
[info] 
[info] First, let's associate this project directory with a Firebase project.
[info] You can create multiple project aliases by running firebase use --add, 
[info] but for now we'll just set up a default project.
[info] 
[debug] [2025-06-13T14:37:49.712Z] Checked if tokens are valid: false, expires at: 1749070774518
[debug] [2025-06-13T14:37:49.714Z] Checked if tokens are valid: false, expires at: 1749070774518
[debug] [2025-06-13T14:37:49.721Z] > refreshing access token with scopes: []
[debug] [2025-06-13T14:37:49.733Z] >>> [apiv2][query] POST https://www.googleapis.com/oauth2/v3/token [none]
[debug] [2025-06-13T14:37:49.734Z] >>> [apiv2][body] POST https://www.googleapis.com/oauth2/v3/token [omitted]
[debug] [2025-06-13T14:37:50.198Z] <<< [apiv2][status] POST https://www.googleapis.com/oauth2/v3/token 200
[debug] [2025-06-13T14:37:50.199Z] <<< [apiv2][body] POST https://www.googleapis.com/oauth2/v3/token [omitted]
[debug] [2025-06-13T14:37:50.255Z] >>> [apiv2][query] GET https://firebase.googleapis.com/v1beta1/projects pageSize=100
[debug] [2025-06-13T14:37:51.171Z] <<< [apiv2][status] GET https://firebase.googleapis.com/v1beta1/projects 200
[debug] [2025-06-13T14:37:51.172Z] <<< [apiv2][body] GET https://firebase.googleapis.com/v1beta1/projects [omitted]
